                            latency            interval
transaction        0            83            111
transaction        1            83            111
transaction        2            83            111
transaction        3            83            111
transaction        4            83            111
transaction        5            83            111
transaction        6            83            111
transaction        7            83            111
transaction        8            83            111
transaction        9            83            111
transaction        10            83            111
transaction        11            83            111
transaction        12            83            111
transaction        13            83            111
transaction        14            83            111
transaction        15            83            111
transaction        16            83            111
transaction        17            83            111
transaction        18            83            111
transaction        19            83            111
transaction        20            83            111
transaction        21            83            111
transaction        22            83            111
transaction        23            83            111
transaction        24            83            111
transaction        25            83            111
transaction        26            83            111
transaction        27            83            111
transaction        28            83            111
transaction        29            83            111
transaction        30            83            111
transaction        31            83            111
transaction        32            83            111
transaction        33            83            111
transaction        34            83            111
transaction        35            83            111
transaction        36            83            111
transaction        37            83            111
transaction        38            83            111
transaction        39            83            111
transaction        40            83            111
transaction        41            83            111
transaction        42            83            111
transaction        43            83            111
transaction        44            83            111
transaction        45            83            111
transaction        46            83            111
transaction        47            83            111
transaction        48            83            111
transaction        49            83            111
transaction        50            83            111
transaction        51            83            111
transaction        52            83            111
transaction        53            83            111
transaction        54            83            111
transaction        55            83            111
transaction        56            83            111
transaction        57            83            111
transaction        58            83            111
transaction        59            83            111
transaction        60            83            111
transaction        61            83            111
transaction        62            83            111
transaction        63            83            111
transaction        64            83            111
transaction        65            83            111
transaction        66            83            111
transaction        67            83            2147476182
